01-04-2019 16:28:21.724 [restartedMain] DEBUG o.s.b.f.s.DefaultListableBeanFactory.getSingleton - Creating shared instance of singleton bean 'spring.servlet.multipart-org.springframework.boot.autoconfigure.web.servlet.MultipartProperties'
01-04-2019 16:28:21.731 [restartedMain] DEBUG o.s.b.f.s.DefaultListableBeanFactory.createArgumentArray - Autowiring by type from bean name 'org.springframework.boot.autoconfigure.web.servlet.MultipartAutoConfiguration' via constructor to bean named 'spring.servlet.multipart-org.springframework.boot.autoconfigure.web.servlet.MultipartProperties'
01-04-2019 16:28:21.747 [restartedMain] DEBUG o.s.b.f.s.DefaultListableBeanFactory.getSingleton - Creating shared instance of singleton bean 'dispatcherServlet'
01-04-2019 16:28:21.748 [restartedMain] DEBUG o.s.b.f.s.DefaultListableBeanFactory.getSingleton - Creating shared instance of singleton bean 'org.springframework.boot.autoconfigure.web.servlet.DispatcherServletAutoConfiguration$DispatcherServletConfiguration'
01-04-2019 16:28:21.749 [restartedMain] DEBUG o.s.c.LocalVariableTableParameterNameDiscoverer.inspectClass - Cannot find '.class' file for class [class org.springframework.boot.autoconfigure.web.servlet.DispatcherServletAutoConfiguration$DispatcherServletConfiguration$$EnhancerBySpringCGLIB$$d1f050ae] - unable to determine constructor/method parameter names
01-04-2019 16:28:21.753 [restartedMain] DEBUG o.s.b.f.s.DefaultListableBeanFactory.createArgumentArray - Autowiring by type from bean name 'org.springframework.boot.autoconfigure.web.servlet.DispatcherServletAutoConfiguration$DispatcherServletConfiguration' via constructor to bean named 'spring.http-org.springframework.boot.autoconfigure.http.HttpProperties'
01-04-2019 16:28:21.753 [restartedMain] DEBUG o.s.b.f.s.DefaultListableBeanFactory.createArgumentArray - Autowiring by type from bean name 'org.springframework.boot.autoconfigure.web.servlet.DispatcherServletAutoConfiguration$DispatcherServletConfiguration' via constructor to bean named 'spring.mvc-org.springframework.boot.autoconfigure.web.servlet.WebMvcProperties'
01-04-2019 16:28:21.785 [restartedMain] DEBUG o.s.b.f.s.DefaultListableBeanFactory.createArgumentArray - Autowiring by type from bean name 'dispatcherServletRegistration' via factory method to bean named 'dispatcherServlet'
01-04-2019 16:28:21.796 [restartedMain] DEBUG o.s.b.f.s.DefaultListableBeanFactory.createArgumentArray - Autowiring by type from bean name 'org.springframework.boot.autoconfigure.web.servlet.error.ErrorMvcAutoConfiguration' via constructor to bean named 'server-org.springframework.boot.autoconfigure.web.ServerProperties'
01-04-2019 16:28:21.796 [restartedMain] DEBUG o.s.b.f.s.DefaultListableBeanFactory.createArgumentArray - Autowiring by type from bean name 'org.springframework.boot.autoconfigure.web.servlet.error.ErrorMvcAutoConfiguration' via constructor to bean named 'dispatcherServletRegistration'
01-04-2019 16:28:21.798 [restartedMain] DEBUG o.s.b.f.s.DefaultListableBeanFactory.getSingleton - Creating shared instance of singleton bean 'conventionErrorViewResolver'
01-04-2019 16:28:21.798 [restartedMain] DEBUG o.s.b.f.s.DefaultListableBeanFactory.getSingleton - Creating shared instance of singleton bean 'org.springframework.boot.autoconfigure.web.servlet.error.ErrorMvcAutoConfiguration$DefaultErrorViewResolverConfiguration'
01-04-2019 16:28:21.799 [restartedMain] DEBUG o.s.c.LocalVariableTableParameterNameDiscoverer.inspectClass - Cannot find '.class' file for class [class org.springframework.boot.autoconfigure.web.servlet.error.ErrorMvcAutoConfiguration$DefaultErrorViewResolverConfiguration$$EnhancerBySpringCGLIB$$c2319b0a] - unable to determine constructor/method parameter names
01-04-2019 16:28:21.802 [restartedMain] DEBUG o.s.b.f.s.DefaultListableBeanFactory.getSingleton - Creating shared instance of singleton bean 'spring.resources-org.springframework.boot.autoconfigure.web.ResourceProperties'
01-04-2019 16:28:21.819 [restartedMain] DEBUG o.s.b.f.s.DefaultListableBeanFactory.createArgumentArray - Autowiring by type from bean name 'org.springframework.boot.autoconfigure.web.servlet.error.ErrorMvcAutoConfiguration$DefaultErrorViewResolverConfiguration' via constructor to bean named 'org.springframework.boot.web.servlet.context.AnnotationConfigServletWebServerApplicationContext@454047c1'
01-04-2019 16:28:21.820 [restartedMain] DEBUG o.s.b.f.s.DefaultListableBeanFactory.createArgumentArray - Autowiring by type from bean name 'org.springframework.boot.autoconfigure.web.servlet.error.ErrorMvcAutoConfiguration$DefaultErrorViewResolverConfiguration' via constructor to bean named 'spring.resources-org.springframework.boot.autoconfigure.web.ResourceProperties'
01-04-2019 16:28:22.018 [restartedMain] DEBUG o.s.b.w.e.t.TomcatServletWebServerFactory.getArchiveFileDocumentRoot - Code archive: /home/sridhar/.m2/repository/org/springframework/boot/spring-boot/2.1.3.RELEASE/spring-boot-2.1.3.RELEASE.jar
01-04-2019 16:28:22.018 [restartedMain] DEBUG o.s.b.w.e.t.TomcatServletWebServerFactory.getExplodedWarFileDocumentRoot - Code archive: /home/sridhar/.m2/repository/org/springframework/boot/spring-boot/2.1.3.RELEASE/spring-boot-2.1.3.RELEASE.jar
01-04-2019 16:28:22.019 [restartedMain] DEBUG o.s.b.w.e.t.TomcatServletWebServerFactory.logNoDocumentRoots - None of the document roots [src/main/webapp, public, static] point to a directory and will be ignored.
01-04-2019 16:28:22.090 [restartedMain] INFO  o.s.b.w.e.tomcat.TomcatWebServer.initialize - Tomcat initialized with port(s): 8080 (http)
01-04-2019 16:28:22.116 [restartedMain] INFO  o.a.coyote.http11.Http11NioProtocol.log - Initializing ProtocolHandler ["http-nio-8080"]
01-04-2019 16:28:22.145 [restartedMain] INFO  o.a.catalina.core.StandardService.log - Starting service [Tomcat]
01-04-2019 16:28:22.146 [restartedMain] INFO  o.a.catalina.core.StandardEngine.log - Starting Servlet engine: [Apache Tomcat/9.0.16]
01-04-2019 16:28:22.170 [restartedMain] INFO  o.a.c.core.AprLifecycleListener.log - The APR based Apache Tomcat Native library which allows optimal performance in production environments was not found on the java.library.path: [/usr/java/packages/lib/amd64:/usr/lib64:/lib64:/lib:/usr/lib]
01-04-2019 16:28:22.409 [restartedMain] INFO  o.a.c.c.C.[Tomcat].[localhost].[/].log - Initializing Spring embedded WebApplicationContext
01-04-2019 16:28:22.409 [restartedMain] DEBUG o.s.web.context.ContextLoader.prepareWebApplicationContext - Published root WebApplicationContext as ServletContext attribute with name [org.springframework.web.context.WebApplicationContext.ROOT]
01-04-2019 16:28:22.410 [restartedMain] INFO  o.s.web.context.ContextLoader.prepareWebApplicationContext - Root WebApplicationContext: initialization completed in 3285 ms
01-04-2019 16:28:22.414 [restartedMain] DEBUG o.s.b.f.s.DefaultListableBeanFactory.getSingleton - Creating shared instance of singleton bean 'resourceUrlEncodingFilter'
01-04-2019 16:28:22.414 [restartedMain] DEBUG o.s.b.f.s.DefaultListableBeanFactory.getSingleton - Creating shared instance of singleton bean 'org.springframework.boot.autoconfigure.thymeleaf.ThymeleafAutoConfiguration$ThymeleafWebMvcConfiguration'
01-04-2019 16:28:22.430 [restartedMain] DEBUG o.s.b.f.s.DefaultListableBeanFactory.getSingleton - Creating shared instance of singleton bean 'requestContextFilter'
01-04-2019 16:28:22.434 [restartedMain] DEBUG o.s.b.f.s.DefaultListableBeanFactory.getSingleton - Creating shared instance of singleton bean 'hiddenHttpMethodFilter'
01-04-2019 16:28:22.435 [restartedMain] DEBUG o.s.b.f.s.DefaultListableBeanFactory.getSingleton - Creating shared instance of singleton bean 'org.springframework.boot.autoconfigure.web.servlet.WebMvcAutoConfiguration'
