01-04-2019 16:28:24.029 [restartedMain] DEBUG org.hibernate.type.BasicTypeRegistry.register - Adding type registration java.time.LocalDate -> org.hibernate.type.LocalDateType@48295d49
01-04-2019 16:28:24.031 [restartedMain] DEBUG org.hibernate.type.BasicTypeRegistry.register - Adding type registration LocalTime -> org.hibernate.type.LocalTimeType@37c2cf99
01-04-2019 16:28:24.032 [restartedMain] DEBUG org.hibernate.type.BasicTypeRegistry.register - Adding type registration java.time.LocalTime -> org.hibernate.type.LocalTimeType@37c2cf99
01-04-2019 16:28:24.034 [restartedMain] DEBUG org.hibernate.type.BasicTypeRegistry.register - Adding type registration OffsetDateTime -> org.hibernate.type.OffsetDateTimeType@3a70853a
01-04-2019 16:28:24.034 [restartedMain] DEBUG org.hibernate.type.BasicTypeRegistry.register - Adding type registration java.time.OffsetDateTime -> org.hibernate.type.OffsetDateTimeType@3a70853a
01-04-2019 16:28:24.036 [restartedMain] DEBUG org.hibernate.type.BasicTypeRegistry.register - Adding type registration OffsetTime -> org.hibernate.type.OffsetTimeType@5a8daaad
01-04-2019 16:28:24.037 [restartedMain] DEBUG org.hibernate.type.BasicTypeRegistry.register - Adding type registration java.time.OffsetTime -> org.hibernate.type.OffsetTimeType@5a8daaad
01-04-2019 16:28:24.041 [restartedMain] DEBUG org.hibernate.type.BasicTypeRegistry.register - Adding type registration ZonedDateTime -> org.hibernate.type.ZonedDateTimeType@69201efd
01-04-2019 16:28:24.041 [restartedMain] DEBUG org.hibernate.type.BasicTypeRegistry.register - Adding type registration java.time.ZonedDateTime -> org.hibernate.type.ZonedDateTimeType@69201efd
01-04-2019 16:28:24.044 [restartedMain] DEBUG org.hibernate.type.BasicTypeRegistry.register - Adding type registration date -> org.hibernate.type.DateType@642ea3f3
01-04-2019 16:28:24.044 [restartedMain] DEBUG org.hibernate.type.BasicTypeRegistry.register - Adding type registration java.sql.Date -> org.hibernate.type.DateType@642ea3f3
01-04-2019 16:28:24.046 [restartedMain] DEBUG org.hibernate.type.BasicTypeRegistry.register - Adding type registration time -> org.hibernate.type.TimeType@53b61fbd
01-04-2019 16:28:24.047 [restartedMain] DEBUG org.hibernate.type.BasicTypeRegistry.register - Adding type registration java.sql.Time -> org.hibernate.type.TimeType@53b61fbd
01-04-2019 16:28:24.049 [restartedMain] DEBUG org.hibernate.type.BasicTypeRegistry.register - Adding type registration timestamp -> org.hibernate.type.TimestampType@4fb6139a
01-04-2019 16:28:24.050 [restartedMain] DEBUG org.hibernate.type.BasicTypeRegistry.register - Adding type registration java.sql.Timestamp -> org.hibernate.type.TimestampType@4fb6139a
01-04-2019 16:28:24.050 [restartedMain] DEBUG org.hibernate.type.BasicTypeRegistry.register - Adding type registration java.util.Date -> org.hibernate.type.TimestampType@4fb6139a
01-04-2019 16:28:24.052 [restartedMain] DEBUG org.hibernate.type.BasicTypeRegistry.register - Adding type registration dbtimestamp -> org.hibernate.type.DbTimestampType@1fae404a
01-04-2019 16:28:24.054 [restartedMain] DEBUG org.hibernate.type.BasicTypeRegistry.register - Adding type registration calendar -> org.hibernate.type.CalendarType@371bcc01
01-04-2019 16:28:24.055 [restartedMain] DEBUG org.hibernate.type.BasicTypeRegistry.register - Adding type registration java.util.Calendar -> org.hibernate.type.CalendarType@371bcc01
01-04-2019 16:28:24.056 [restartedMain] DEBUG org.hibernate.type.BasicTypeRegistry.register - Adding type registration java.util.GregorianCalendar -> org.hibernate.type.CalendarType@371bcc01
01-04-2019 16:28:24.057 [restartedMain] DEBUG org.hibernate.type.BasicTypeRegistry.register - Adding type registration calendar_date -> org.hibernate.type.CalendarDateType@6ea31bc1
01-04-2019 16:28:24.059 [restartedMain] DEBUG org.hibernate.type.BasicTypeRegistry.register - Adding type registration locale -> org.hibernate.type.LocaleType@37864925
01-04-2019 16:28:24.060 [restartedMain] DEBUG org.hibernate.type.BasicTypeRegistry.register - Adding type registration java.util.Locale -> org.hibernate.type.LocaleType@37864925
01-04-2019 16:28:24.061 [restartedMain] DEBUG org.hibernate.type.BasicTypeRegistry.register - Adding type registration currency -> org.hibernate.type.CurrencyType@774f10de
01-04-2019 16:28:24.062 [restartedMain] DEBUG org.hibernate.type.BasicTypeRegistry.register - Adding type registration java.util.Currency -> org.hibernate.type.CurrencyType@774f10de
01-04-2019 16:28:24.064 [restartedMain] DEBUG org.hibernate.type.BasicTypeRegistry.register - Adding type registration timezone -> org.hibernate.type.TimeZoneType@4b8e2801
01-04-2019 16:28:24.064 [restartedMain] DEBUG org.hibernate.type.BasicTypeRegistry.register - Adding type registration java.util.TimeZone -> org.hibernate.type.TimeZoneType@4b8e2801
01-04-2019 16:28:24.065 [restartedMain] DEBUG org.hibernate.type.BasicTypeRegistry.register - Adding type registration class -> org.hibernate.type.ClassType@45c6d2c2
01-04-2019 16:28:24.066 [restartedMain] DEBUG org.hibernate.type.BasicTypeRegistry.register - Adding type registration java.lang.Class -> org.hibernate.type.ClassType@45c6d2c2
01-04-2019 16:28:24.067 [restartedMain] DEBUG org.hibernate.type.BasicTypeRegistry.register - Adding type registration uuid-binary -> org.hibernate.type.UUIDBinaryType@22dc4213
01-04-2019 16:28:24.068 [restartedMain] DEBUG org.hibernate.type.BasicTypeRegistry.register - Adding type registration java.util.UUID -> org.hibernate.type.UUIDBinaryType@22dc4213
01-04-2019 16:28:24.069 [restartedMain] DEBUG org.hibernate.type.BasicTypeRegistry.register - Adding type registration uuid-char -> org.hibernate.type.UUIDCharType@14958d3c
