01-04-2019 16:26:14.639 [restartedMain] DEBUG org.hibernate.type.BasicTypeRegistry.register - Adding type registration java.time.LocalDate -> org.hibernate.type.LocalDateType@50aca465
01-04-2019 16:26:14.641 [restartedMain] DEBUG org.hibernate.type.BasicTypeRegistry.register - Adding type registration LocalTime -> org.hibernate.type.LocalTimeType@6fd1d046
01-04-2019 16:26:14.641 [restartedMain] DEBUG org.hibernate.type.BasicTypeRegistry.register - Adding type registration java.time.LocalTime -> org.hibernate.type.LocalTimeType@6fd1d046
01-04-2019 16:26:14.643 [restartedMain] DEBUG org.hibernate.type.BasicTypeRegistry.register - Adding type registration OffsetDateTime -> org.hibernate.type.OffsetDateTimeType@283e0716
01-04-2019 16:26:14.644 [restartedMain] DEBUG org.hibernate.type.BasicTypeRegistry.register - Adding type registration java.time.OffsetDateTime -> org.hibernate.type.OffsetDateTimeType@283e0716
01-04-2019 16:26:14.645 [restartedMain] DEBUG org.hibernate.type.BasicTypeRegistry.register - Adding type registration OffsetTime -> org.hibernate.type.OffsetTimeType@22901cc7
01-04-2019 16:26:14.646 [restartedMain] DEBUG org.hibernate.type.BasicTypeRegistry.register - Adding type registration java.time.OffsetTime -> org.hibernate.type.OffsetTimeType@22901cc7
01-04-2019 16:26:14.650 [restartedMain] DEBUG org.hibernate.type.BasicTypeRegistry.register - Adding type registration ZonedDateTime -> org.hibernate.type.ZonedDateTimeType@63eacc5a
01-04-2019 16:26:14.651 [restartedMain] DEBUG org.hibernate.type.BasicTypeRegistry.register - Adding type registration java.time.ZonedDateTime -> org.hibernate.type.ZonedDateTimeType@63eacc5a
01-04-2019 16:26:14.653 [restartedMain] DEBUG org.hibernate.type.BasicTypeRegistry.register - Adding type registration date -> org.hibernate.type.DateType@780f9043
01-04-2019 16:26:14.653 [restartedMain] DEBUG org.hibernate.type.BasicTypeRegistry.register - Adding type registration java.sql.Date -> org.hibernate.type.DateType@780f9043
01-04-2019 16:26:14.655 [restartedMain] DEBUG org.hibernate.type.BasicTypeRegistry.register - Adding type registration time -> org.hibernate.type.TimeType@3ffc2e3d
01-04-2019 16:26:14.656 [restartedMain] DEBUG org.hibernate.type.BasicTypeRegistry.register - Adding type registration java.sql.Time -> org.hibernate.type.TimeType@3ffc2e3d
01-04-2019 16:26:14.658 [restartedMain] DEBUG org.hibernate.type.BasicTypeRegistry.register - Adding type registration timestamp -> org.hibernate.type.TimestampType@2eef9e0c
01-04-2019 16:26:14.659 [restartedMain] DEBUG org.hibernate.type.BasicTypeRegistry.register - Adding type registration java.sql.Timestamp -> org.hibernate.type.TimestampType@2eef9e0c
01-04-2019 16:26:14.659 [restartedMain] DEBUG org.hibernate.type.BasicTypeRegistry.register - Adding type registration java.util.Date -> org.hibernate.type.TimestampType@2eef9e0c
01-04-2019 16:26:14.662 [restartedMain] DEBUG org.hibernate.type.BasicTypeRegistry.register - Adding type registration dbtimestamp -> org.hibernate.type.DbTimestampType@635d252d
01-04-2019 16:26:14.665 [restartedMain] DEBUG org.hibernate.type.BasicTypeRegistry.register - Adding type registration calendar -> org.hibernate.type.CalendarType@2ccac1f5
01-04-2019 16:26:14.666 [restartedMain] DEBUG org.hibernate.type.BasicTypeRegistry.register - Adding type registration java.util.Calendar -> org.hibernate.type.CalendarType@2ccac1f5
01-04-2019 16:26:14.666 [restartedMain] DEBUG org.hibernate.type.BasicTypeRegistry.register - Adding type registration java.util.GregorianCalendar -> org.hibernate.type.CalendarType@2ccac1f5
01-04-2019 16:26:14.668 [restartedMain] DEBUG org.hibernate.type.BasicTypeRegistry.register - Adding type registration calendar_date -> org.hibernate.type.CalendarDateType@6c7b5fa8
01-04-2019 16:26:14.669 [restartedMain] DEBUG org.hibernate.type.BasicTypeRegistry.register - Adding type registration locale -> org.hibernate.type.LocaleType@3a0a9587
01-04-2019 16:26:14.670 [restartedMain] DEBUG org.hibernate.type.BasicTypeRegistry.register - Adding type registration java.util.Locale -> org.hibernate.type.LocaleType@3a0a9587
01-04-2019 16:26:14.671 [restartedMain] DEBUG org.hibernate.type.BasicTypeRegistry.register - Adding type registration currency -> org.hibernate.type.CurrencyType@5aea97eb
01-04-2019 16:26:14.672 [restartedMain] DEBUG org.hibernate.type.BasicTypeRegistry.register - Adding type registration java.util.Currency -> org.hibernate.type.CurrencyType@5aea97eb
01-04-2019 16:26:14.673 [restartedMain] DEBUG org.hibernate.type.BasicTypeRegistry.register - Adding type registration timezone -> org.hibernate.type.TimeZoneType@109c68ef
01-04-2019 16:26:14.674 [restartedMain] DEBUG org.hibernate.type.BasicTypeRegistry.register - Adding type registration java.util.TimeZone -> org.hibernate.type.TimeZoneType@109c68ef
01-04-2019 16:26:14.675 [restartedMain] DEBUG org.hibernate.type.BasicTypeRegistry.register - Adding type registration class -> org.hibernate.type.ClassType@2b962734
01-04-2019 16:26:14.675 [restartedMain] DEBUG org.hibernate.type.BasicTypeRegistry.register - Adding type registration java.lang.Class -> org.hibernate.type.ClassType@2b962734
01-04-2019 16:26:14.677 [restartedMain] DEBUG org.hibernate.type.BasicTypeRegistry.register - Adding type registration uuid-binary -> org.hibernate.type.UUIDBinaryType@71581ac3
01-04-2019 16:26:14.678 [restartedMain] DEBUG org.hibernate.type.BasicTypeRegistry.register - Adding type registration java.util.UUID -> org.hibernate.type.UUIDBinaryType@71581ac3
01-04-2019 16:26:14.679 [restartedMain] DEBUG org.hibernate.type.BasicTypeRegistry.register - Adding type registration uuid-char -> org.hibernate.type.UUIDCharType@769bb797
