01-04-2019 16:26:17.495 [restartedMain] DEBUG o.s.b.f.s.DefaultListableBeanFactory.createArgumentArray - Autowiring by type from bean name 'org.springframework.boot.autoconfigure.web.servlet.WebMvcAutoConfiguration$WebMvcAutoConfigurationAdapter' via constructor to bean named 'spring.mvc-org.springframework.boot.autoconfigure.web.servlet.WebMvcProperties'
01-04-2019 16:26:17.495 [restartedMain] DEBUG o.s.b.f.s.DefaultListableBeanFactory.createArgumentArray - Autowiring by type from bean name 'org.springframework.boot.autoconfigure.web.servlet.WebMvcAutoConfiguration$WebMvcAutoConfigurationAdapter' via constructor to bean named 'org.springframework.beans.factory.support.DefaultListableBeanFactory@41275e7e'
01-04-2019 16:26:17.499 [restartedMain] DEBUG o.s.b.f.s.DefaultListableBeanFactory.getSingleton - Creating shared instance of singleton bean 'resourceHandlerRegistrationCustomizer'
01-04-2019 16:26:17.500 [restartedMain] DEBUG o.s.b.f.s.DefaultListableBeanFactory.getSingleton - Creating shared instance of singleton bean 'org.springframework.boot.autoconfigure.web.servlet.WebMvcAutoConfiguration$ResourceChainCustomizerConfiguration'
01-04-2019 16:26:17.518 [restartedMain] DEBUG o.s.b.f.s.DefaultListableBeanFactory.getSingleton - Creating shared instance of singleton bean 'org.springframework.boot.autoconfigure.orm.jpa.JpaBaseConfiguration$JpaWebConfiguration$JpaWebMvcConfiguration'
01-04-2019 16:26:17.519 [restartedMain] DEBUG o.s.c.LocalVariableTableParameterNameDiscoverer.inspectClass - Cannot find '.class' file for class [class org.springframework.boot.autoconfigure.orm.jpa.JpaBaseConfiguration$JpaWebConfiguration$JpaWebMvcConfiguration$$EnhancerBySpringCGLIB$$b4509337] - unable to determine constructor/method parameter names
01-04-2019 16:26:17.520 [restartedMain] DEBUG o.s.b.f.s.DefaultListableBeanFactory.createArgumentArray - Autowiring by type from bean name 'org.springframework.boot.autoconfigure.orm.jpa.JpaBaseConfiguration$JpaWebConfiguration$JpaWebMvcConfiguration' via constructor to bean named 'spring.jpa-org.springframework.boot.autoconfigure.orm.jpa.JpaProperties'
01-04-2019 16:26:17.521 [restartedMain] DEBUG o.s.b.f.s.DefaultListableBeanFactory.getSingleton - Creating shared instance of singleton bean 'org.springframework.data.web.config.SpringDataWebConfiguration'
01-04-2019 16:26:17.522 [restartedMain] DEBUG o.s.c.LocalVariableTableParameterNameDiscoverer.inspectClass - Cannot find '.class' file for class [class org.springframework.data.web.config.SpringDataWebConfiguration$$EnhancerBySpringCGLIB$$cc79b492] - unable to determine constructor/method parameter names
01-04-2019 16:26:17.524 [restartedMain] DEBUG o.s.b.f.s.DefaultListableBeanFactory.createArgumentArray - Autowiring by type from bean name 'org.springframework.data.web.config.SpringDataWebConfiguration' via constructor to bean named 'org.springframework.boot.web.servlet.context.AnnotationConfigServletWebServerApplicationContext@2626a661'
01-04-2019 16:26:17.527 [restartedMain] DEBUG o.s.b.f.s.DefaultListableBeanFactory.getSingleton - Creating shared instance of singleton bean 'pageableCustomizer'
01-04-2019 16:26:17.527 [restartedMain] DEBUG o.s.b.f.s.DefaultListableBeanFactory.getSingleton - Creating shared instance of singleton bean 'org.springframework.boot.autoconfigure.data.web.SpringDataWebAutoConfiguration'
01-04-2019 16:26:17.528 [restartedMain] DEBUG o.s.c.LocalVariableTableParameterNameDiscoverer.inspectClass - Cannot find '.class' file for class [class org.springframework.boot.autoconfigure.data.web.SpringDataWebAutoConfiguration$$EnhancerBySpringCGLIB$$56ac3c60] - unable to determine constructor/method parameter names
01-04-2019 16:26:17.529 [restartedMain] DEBUG o.s.b.f.s.DefaultListableBeanFactory.getSingleton - Creating shared instance of singleton bean 'spring.data.web-org.springframework.boot.autoconfigure.data.web.SpringDataWebProperties'
01-04-2019 16:26:17.530 [restartedMain] DEBUG o.s.b.f.s.DefaultListableBeanFactory.createArgumentArray - Autowiring by type from bean name 'org.springframework.boot.autoconfigure.data.web.SpringDataWebAutoConfiguration' via constructor to bean named 'spring.data.web-org.springframework.boot.autoconfigure.data.web.SpringDataWebProperties'
01-04-2019 16:26:17.537 [restartedMain] DEBUG o.s.b.f.s.DefaultListableBeanFactory.getSingleton - Creating shared instance of singleton bean 'sortCustomizer'
01-04-2019 16:26:17.544 [restartedMain] DEBUG o.s.b.f.s.DefaultListableBeanFactory.getSingleton - Creating shared instance of singleton bean 'requestMappingHandlerAdapter'
01-04-2019 16:26:17.568 [restartedMain] DEBUG o.s.b.f.s.DefaultListableBeanFactory.getSingleton - Creating shared instance of singleton bean 'mvcContentNegotiationManager'
01-04-2019 16:26:17.575 [restartedMain] DEBUG o.s.b.f.s.DefaultListableBeanFactory.getSingleton - Creating shared instance of singleton bean 'messageConverters'
01-04-2019 16:26:17.576 [restartedMain] DEBUG o.s.b.f.s.DefaultListableBeanFactory.getSingleton - Creating shared instance of singleton bean 'org.springframework.boot.autoconfigure.http.HttpMessageConvertersAutoConfiguration'
01-04-2019 16:26:17.576 [restartedMain] DEBUG o.s.c.LocalVariableTableParameterNameDiscoverer.inspectClass - Cannot find '.class' file for class [class org.springframework.boot.autoconfigure.http.HttpMessageConvertersAutoConfiguration$$EnhancerBySpringCGLIB$$854951d3] - unable to determine constructor/method parameter names
01-04-2019 16:26:17.578 [restartedMain] DEBUG o.s.b.f.s.DefaultListableBeanFactory.getSingleton - Creating shared instance of singleton bean 'stringHttpMessageConverter'
01-04-2019 16:26:17.578 [restartedMain] DEBUG o.s.b.f.s.DefaultListableBeanFactory.getSingleton - Creating shared instance of singleton bean 'org.springframework.boot.autoconfigure.http.HttpMessageConvertersAutoConfiguration$StringHttpMessageConverterConfiguration'
01-04-2019 16:26:17.579 [restartedMain] DEBUG o.s.c.LocalVariableTableParameterNameDiscoverer.inspectClass - Cannot find '.class' file for class [class org.springframework.boot.autoconfigure.http.HttpMessageConvertersAutoConfiguration$StringHttpMessageConverterConfiguration$$EnhancerBySpringCGLIB$$b8571873] - unable to determine constructor/method parameter names
01-04-2019 16:26:17.580 [restartedMain] DEBUG o.s.b.f.s.DefaultListableBeanFactory.createArgumentArray - Autowiring by type from bean name 'org.springframework.boot.autoconfigure.http.HttpMessageConvertersAutoConfiguration$StringHttpMessageConverterConfiguration' via constructor to bean named 'spring.http-org.springframework.boot.autoconfigure.http.HttpProperties'
01-04-2019 16:26:17.589 [restartedMain] DEBUG o.s.b.f.s.DefaultListableBeanFactory.getSingleton - Creating shared instance of singleton bean 'mappingJackson2HttpMessageConverter'
01-04-2019 16:26:17.589 [restartedMain] DEBUG o.s.b.f.s.DefaultListableBeanFactory.getSingleton - Creating shared instance of singleton bean 'org.springframework.boot.autoconfigure.http.JacksonHttpMessageConvertersConfiguration$MappingJackson2HttpMessageConverterConfiguration'
01-04-2019 16:26:17.592 [restartedMain] DEBUG o.s.b.f.s.DefaultListableBeanFactory.getSingleton - Creating shared instance of singleton bean 'jacksonObjectMapper'
01-04-2019 16:26:17.593 [restartedMain] DEBUG o.s.b.f.s.DefaultListableBeanFactory.getSingleton - Creating shared instance of singleton bean 'org.springframework.boot.autoconfigure.jackson.JacksonAutoConfiguration$JacksonObjectMapperConfiguration'
01-04-2019 16:26:17.596 [restartedMain] DEBUG o.s.b.f.s.DefaultListableBeanFactory.getSingleton - Creating shared instance of singleton bean 'jacksonObjectMapperBuilder'
01-04-2019 16:26:17.597 [restartedMain] DEBUG o.s.b.f.s.DefaultListableBeanFactory.getSingleton - Creating shared instance of singleton bean 'org.springframework.boot.autoconfigure.jackson.JacksonAutoConfiguration$JacksonObjectMapperBuilderConfiguration'
01-04-2019 16:26:17.598 [restartedMain] DEBUG o.s.c.LocalVariableTableParameterNameDiscoverer.inspectClass - Cannot find '.class' file for class [class org.springframework.boot.autoconfigure.jackson.JacksonAutoConfiguration$JacksonObjectMapperBuilderConfiguration$$EnhancerBySpringCGLIB$$78f5c7e9] - unable to determine constructor/method parameter names
01-04-2019 16:26:17.598 [restartedMain] DEBUG o.s.b.f.s.DefaultListableBeanFactory.createArgumentArray - Autowiring by type from bean name 'org.springframework.boot.autoconfigure.jackson.JacksonAutoConfiguration$JacksonObjectMapperBuilderConfiguration' via constructor to bean named 'org.springframework.boot.web.servlet.context.AnnotationConfigServletWebServerApplicationContext@2626a661'
01-04-2019 16:26:17.601 [restartedMain] DEBUG o.s.b.f.s.DefaultListableBeanFactory.getSingleton - Creating shared instance of singleton bean 'standardJacksonObjectMapperBuilderCustomizer'
01-04-2019 16:26:17.602 [restartedMain] DEBUG o.s.b.f.s.DefaultListableBeanFactory.getSingleton - Creating shared instance of singleton bean 'org.springframework.boot.autoconfigure.jackson.JacksonAutoConfiguration$Jackson2ObjectMapperBuilderCustomizerConfiguration'
01-04-2019 16:26:17.606 [restartedMain] DEBUG o.s.b.f.s.DefaultListableBeanFactory.getSingleton - Creating shared instance of singleton bean 'spring.jackson-org.springframework.boot.autoconfigure.jackson.JacksonProperties'
01-04-2019 16:26:17.609 [restartedMain] DEBUG o.s.b.f.s.DefaultListableBeanFactory.createArgumentArray - Autowiring by type from bean name 'standardJacksonObjectMapperBuilderCustomizer' via factory method to bean named 'org.springframework.boot.web.servlet.context.AnnotationConfigServletWebServerApplicationContext@2626a661'
01-04-2019 16:26:17.610 [restartedMain] DEBUG o.s.b.f.s.DefaultListableBeanFactory.createArgumentArray - Autowiring by type from bean name 'standardJacksonObjectMapperBuilderCustomizer' via factory method to bean named 'spring.jackson-org.springframework.boot.autoconfigure.jackson.JacksonProperties'
01-04-2019 16:26:17.617 [restartedMain] DEBUG o.s.b.f.s.DefaultListableBeanFactory.createArgumentArray - Autowiring by type from bean name 'jacksonObjectMapperBuilder' via factory method to bean named 'standardJacksonObjectMapperBuilderCustomizer'
01-04-2019 16:26:17.625 [restartedMain] DEBUG o.s.b.f.s.DefaultListableBeanFactory.getSingleton - Creating shared instance of singleton bean 'parameterNamesModule'
01-04-2019 16:26:17.626 [restartedMain] DEBUG o.s.b.f.s.DefaultListableBeanFactory.getSingleton - Creating shared instance of singleton bean 'org.springframework.boot.autoconfigure.jackson.JacksonAutoConfiguration$ParameterNamesModuleConfiguration'
01-04-2019 16:26:17.637 [restartedMain] DEBUG o.s.b.f.s.DefaultListableBeanFactory.getSingleton - Creating shared instance of singleton bean 'jsonComponentModule'
01-04-2019 16:26:17.638 [restartedMain] DEBUG o.s.b.f.s.DefaultListableBeanFactory.getSingleton - Creating shared instance of singleton bean 'org.springframework.boot.autoconfigure.jackson.JacksonAutoConfiguration'
01-04-2019 16:26:17.670 [restartedMain] DEBUG o.s.b.f.s.DefaultListableBeanFactory.getSingleton - Creating shared instance of singleton bean 'jacksonGeoModule'
01-04-2019 16:26:17.672 [restartedMain] DEBUG o.s.b.f.s.DefaultListableBeanFactory.getSingleton - Creating shared instance of singleton bean 'org.springframework.data.web.config.SpringDataJacksonConfiguration'
01-04-2019 16:26:17.695 [restartedMain] DEBUG o.s.b.f.s.DefaultListableBeanFactory.createArgumentArray - Autowiring by type from bean name 'jacksonObjectMapper' via factory method to bean named 'jacksonObjectMapperBuilder'
01-04-2019 16:26:17.740 [restartedMain] DEBUG o.s.b.f.s.DefaultListableBeanFactory.createArgumentArray - Autowiring by type from bean name 'mappingJackson2HttpMessageConverter' via factory method to bean named 'jacksonObjectMapper'
01-04-2019 16:26:17.763 [restartedMain] DEBUG o.s.b.f.s.DefaultListableBeanFactory.getSingleton - Creating shared instance of singleton bean 'mvcConversionService'
01-04-2019 16:26:17.806 [restartedMain] DEBUG o.s.b.f.s.DefaultListableBeanFactory.getSingleton - Creating shared instance of singleton bean 'mvcValidator'
01-04-2019 16:26:17.810 [restartedMain] DEBUG o.s.b.f.s.DefaultListableBeanFactory.getSingleton - Creating shared instance of singleton bean 'sortResolver'
01-04-2019 16:26:17.823 [restartedMain] DEBUG o.s.b.f.s.DefaultListableBeanFactory.getSingleton - Creating shared instance of singleton bean 'pageableResolver'
01-04-2019 16:26:17.831 [restartedMain] DEBUG o.s.b.f.s.DefaultListableBeanFactory.getSingleton - Creating shared instance of singleton bean 'applicationTaskExecutor'
01-04-2019 16:26:17.834 [restartedMain] DEBUG o.s.b.f.s.DefaultListableBeanFactory.createArgumentArray - Autowiring by type from bean name 'applicationTaskExecutor' via factory method to bean named 'taskExecutorBuilder'
01-04-2019 16:26:17.842 [restartedMain] INFO  o.s.s.c.ThreadPoolTaskExecutor.initialize - Initializing ExecutorService 'applicationTaskExecutor'
01-04-2019 16:26:17.863 [restartedMain] DEBUG o.s.w.s.m.m.a.RequestMappingHandlerAdapter.initControllerAdviceCache - ControllerAdvice beans: 0 @ModelAttribute, 0 @InitBinder, 1 RequestBodyAdvice, 1 ResponseBodyAdvice
01-04-2019 16:26:17.923 [restartedMain] DEBUG o.s.b.f.s.DefaultListableBeanFactory.getSingleton - Creating shared instance of singleton bean 'requestMappingHandlerMapping'
01-04-2019 16:26:17.936 [restartedMain] DEBUG o.s.b.f.s.DefaultListableBeanFactory.getSingleton - Creating shared instance of singleton bean 'openEntityManagerInViewInterceptor'
01-04-2019 16:26:17.944 [restartedMain] WARN  o.s.b.a.o.j.JpaBaseConfiguration$JpaWebConfiguration$JpaWebMvcConfiguration.openEntityManagerInViewInterceptor - spring.jpa.open-in-view is enabled by default. Therefore, database queries may be performed during view rendering. Explicitly configure spring.jpa.open-in-view to disable this warning
01-04-2019 16:26:17.954 [restartedMain] DEBUG o.s.b.f.s.DefaultListableBeanFactory.getSingleton - Creating shared instance of singleton bean 'mvcResourceUrlProvider'
01-04-2019 16:26:18.047 [restartedMain] DEBUG o.s.w.s.m.m.a.RequestMappingHandlerMapping.handlerMethodsInitialized - 17 mappings in 'requestMappingHandlerMapping'
01-04-2019 16:26:18.051 [restartedMain] DEBUG o.s.b.f.s.DefaultListableBeanFactory.getSingleton - Creating shared instance of singleton bean 'mvcPathMatcher'
01-04-2019 16:26:18.056 [restartedMain] DEBUG o.s.b.f.s.DefaultListableBeanFactory.getSingleton - Creating shared instance of singleton bean 'mvcUrlPathHelper'
01-04-2019 16:26:18.058 [restartedMain] DEBUG o.s.b.f.s.DefaultListableBeanFactory.getSingleton - Creating shared instance of singleton bean 'viewControllerHandlerMapping'
01-04-2019 16:26:18.060 [restartedMain] DEBUG o.s.b.f.s.DefaultListableBeanFactory.getSingleton - Creating shared instance of singleton bean 'beanNameHandlerMapping'
01-04-2019 16:26:18.068 [restartedMain] DEBUG o.s.b.f.s.DefaultListableBeanFactory.getSingleton - Creating shared instance of singleton bean 'resourceHandlerMapping'
01-04-2019 16:26:18.099 [restartedMain] DEBUG o.s.w.s.h.SimpleUrlHandlerMapping.registerHandlers - Patterns [/webjars/**, /**] in 'resourceHandlerMapping'
01-04-2019 16:26:18.113 [restartedMain] DEBUG o.s.b.f.s.DefaultListableBeanFactory.getSingleton - Creating shared instance of singleton bean 'defaultServletHandlerMapping'
01-04-2019 16:26:18.114 [restartedMain] DEBUG o.s.b.f.s.DefaultListableBeanFactory.getSingleton - Creating shared instance of singleton bean 'mvcUriComponentsContributor'
01-04-2019 16:26:18.134 [restartedMain] DEBUG o.s.b.f.s.DefaultListableBeanFactory.getSingleton - Creating shared instance of singleton bean 'httpRequestHandlerAdapter'
01-04-2019 16:26:18.135 [restartedMain] DEBUG o.s.b.f.s.DefaultListableBeanFactory.getSingleton - Creating shared instance of singleton bean 'simpleControllerHandlerAdapter'
01-04-2019 16:26:18.138 [restartedMain] DEBUG o.s.b.f.s.DefaultListableBeanFactory.getSingleton - Creating shared instance of singleton bean 'handlerExceptionResolver'
01-04-2019 16:26:18.152 [restartedMain] DEBUG o.s.w.s.m.m.a.ExceptionHandlerExceptionResolver.initExceptionHandlerAdviceCache - ControllerAdvice beans: 0 @ExceptionHandler, 1 ResponseBodyAdvice
01-04-2019 16:26:18.158 [restartedMain] DEBUG o.s.b.f.s.DefaultListableBeanFactory.getSingleton - Creating shared instance of singleton bean 'mvcViewResolver'
01-04-2019 16:26:18.163 [restartedMain] DEBUG o.s.b.f.s.DefaultListableBeanFactory.getSingleton - Creating shared instance of singleton bean 'defaultViewResolver'
01-04-2019 16:26:18.179 [restartedMain] DEBUG o.s.b.f.s.DefaultListableBeanFactory.getSingleton - Creating shared instance of singleton bean 'viewResolver'
01-04-2019 16:26:18.180 [restartedMain] DEBUG o.s.b.f.s.DefaultListableBeanFactory.createArgumentArray - Autowiring by type from bean name 'viewResolver' via factory method to bean named 'org.springframework.beans.factory.support.DefaultListableBeanFactory@41275e7e'
01-04-2019 16:26:18.185 [restartedMain] DEBUG o.s.b.f.s.DefaultListableBeanFactory.getSingleton - Creating shared instance of singleton bean 'thymeleafViewResolver'
01-04-2019 16:26:18.185 [restartedMain] DEBUG o.s.b.f.s.DefaultListableBeanFactory.getSingleton - Creating shared instance of singleton bean 'org.springframework.boot.autoconfigure.thymeleaf.ThymeleafAutoConfiguration$ThymeleafWebMvcConfiguration$ThymeleafViewResolverConfiguration'
01-04-2019 16:26:18.186 [restartedMain] DEBUG o.s.c.LocalVariableTableParameterNameDiscoverer.inspectClass - Cannot find '.class' file for class [class org.springframework.boot.autoconfigure.thymeleaf.ThymeleafAutoConfiguration$ThymeleafWebMvcConfiguration$ThymeleafViewResolverConfiguration$$EnhancerBySpringCGLIB$$fe96850a] - unable to determine constructor/method parameter names
01-04-2019 16:26:18.187 [restartedMain] DEBUG o.s.b.f.s.DefaultListableBeanFactory.getSingleton - Creating shared instance of singleton bean 'spring.thymeleaf-org.springframework.boot.autoconfigure.thymeleaf.ThymeleafProperties'
01-04-2019 16:26:18.195 [restartedMain] DEBUG o.s.b.f.s.DefaultListableBeanFactory.getSingleton - Creating shared instance of singleton bean 'templateEngine'
01-04-2019 16:26:18.195 [restartedMain] DEBUG o.s.b.f.s.DefaultListableBeanFactory.getSingleton - Creating shared instance of singleton bean 'org.springframework.boot.autoconfigure.thymeleaf.ThymeleafAutoConfiguration$ThymeleafDefaultConfiguration'
01-04-2019 16:26:18.196 [restartedMain] DEBUG o.s.c.LocalVariableTableParameterNameDiscoverer.inspectClass - Cannot find '.class' file for class [class org.springframework.boot.autoconfigure.thymeleaf.ThymeleafAutoConfiguration$ThymeleafDefaultConfiguration$$EnhancerBySpringCGLIB$$29ddc8db] - unable to determine constructor/method parameter names
01-04-2019 16:26:18.199 [restartedMain] DEBUG o.s.b.f.s.DefaultListableBeanFactory.getSingleton - Creating shared instance of singleton bean 'defaultTemplateResolver'
01-04-2019 16:26:18.200 [restartedMain] DEBUG o.s.b.f.s.DefaultListableBeanFactory.getSingleton - Creating shared instance of singleton bean 'org.springframework.boot.autoconfigure.thymeleaf.ThymeleafAutoConfiguration$DefaultTemplateResolverConfiguration'
01-04-2019 16:26:18.201 [restartedMain] DEBUG o.s.c.LocalVariableTableParameterNameDiscoverer.inspectClass - Cannot find '.class' file for class [class org.springframework.boot.autoconfigure.thymeleaf.ThymeleafAutoConfiguration$DefaultTemplateResolverConfiguration$$EnhancerBySpringCGLIB$$e80e4e32] - unable to determine constructor/method parameter names
01-04-2019 16:26:18.201 [restartedMain] DEBUG o.s.b.f.s.DefaultListableBeanFactory.createArgumentArray - Autowiring by type from bean name 'org.springframework.boot.autoconfigure.thymeleaf.ThymeleafAutoConfiguration$DefaultTemplateResolverConfiguration' via constructor to bean named 'spring.thymeleaf-org.springframework.boot.autoconfigure.thymeleaf.ThymeleafProperties'
01-04-2019 16:26:18.202 [restartedMain] DEBUG o.s.b.f.s.DefaultListableBeanFactory.createArgumentArray - Autowiring by type from bean name 'org.springframework.boot.autoconfigure.thymeleaf.ThymeleafAutoConfiguration$DefaultTemplateResolverConfiguration' via constructor to bean named 'org.springframework.boot.web.servlet.context.AnnotationConfigServletWebServerApplicationContext@2626a661'
01-04-2019 16:26:18.218 [restartedMain] DEBUG o.s.b.f.s.DefaultListableBeanFactory.createArgumentArray - Autowiring by type from bean name 'org.springframework.boot.autoconfigure.thymeleaf.ThymeleafAutoConfiguration$ThymeleafDefaultConfiguration' via constructor to bean named 'spring.thymeleaf-org.springframework.boot.autoconfigure.thymeleaf.ThymeleafProperties'
01-04-2019 16:26:18.219 [restartedMain] DEBUG o.s.b.f.s.DefaultListableBeanFactory.createArgumentArray - Autowiring by type from bean name 'org.springframework.boot.autoconfigure.thymeleaf.ThymeleafAutoConfiguration$ThymeleafDefaultConfiguration' via constructor to bean named 'defaultTemplateResolver'
01-04-2019 16:26:18.247 [restartedMain] DEBUG o.s.b.f.s.DefaultListableBeanFactory.getSingleton - Creating shared instance of singleton bean 'java8TimeDialect'
01-04-2019 16:26:18.247 [restartedMain] DEBUG o.s.b.f.s.DefaultListableBeanFactory.getSingleton - Creating shared instance of singleton bean 'org.springframework.boot.autoconfigure.thymeleaf.ThymeleafAutoConfiguration$ThymeleafJava8TimeDialect'
01-04-2019 16:26:18.258 [restartedMain] DEBUG o.s.b.f.s.DefaultListableBeanFactory.createArgumentArray - Autowiring by type from bean name 'org.springframework.boot.autoconfigure.thymeleaf.ThymeleafAutoConfiguration$ThymeleafWebMvcConfiguration$ThymeleafViewResolverConfiguration' via constructor to bean named 'spring.thymeleaf-org.springframework.boot.autoconfigure.thymeleaf.ThymeleafProperties'
01-04-2019 16:26:18.258 [restartedMain] DEBUG o.s.b.f.s.DefaultListableBeanFactory.createArgumentArray - Autowiring by type from bean name 'org.springframework.boot.autoconfigure.thymeleaf.ThymeleafAutoConfiguration$ThymeleafWebMvcConfiguration$ThymeleafViewResolverConfiguration' via constructor to bean named 'templateEngine'
01-04-2019 16:26:18.268 [restartedMain] DEBUG o.s.b.f.s.DefaultListableBeanFactory.getSingleton - Creating shared instance of singleton bean 'welcomePageHandlerMapping'
01-04-2019 16:26:18.269 [restartedMain] DEBUG o.s.b.f.s.DefaultListableBeanFactory.createArgumentArray - Autowiring by type from bean name 'welcomePageHandlerMapping' via factory method to bean named 'org.springframework.boot.web.servlet.context.AnnotationConfigServletWebServerApplicationContext@2626a661'
01-04-2019 16:26:18.272 [restartedMain] DEBUG o.s.c.e.PropertySourcesPropertyResolver.logKeyFound - Found key 'spring.template.provider.cache' in PropertySource 'configurationProperties' with value of type String
01-04-2019 16:26:18.279 [restartedMain] DEBUG o.s.b.f.s.DefaultListableBeanFactory.getSingleton - Creating shared instance of singleton bean 'org.springframework.boot.autoconfigure.jmx.JmxAutoConfiguration'
01-04-2019 16:26:18.284 [restartedMain] DEBUG o.s.b.f.s.DefaultListableBeanFactory.getSingleton - Creating shared instance of singleton bean 'mbeanExporter'
01-04-2019 16:26:18.286 [restartedMain] DEBUG o.s.b.f.s.DefaultListableBeanFactory.getSingleton - Creating shared instance of singleton bean 'objectNamingStrategy'
01-04-2019 16:26:18.290 [restartedMain] DEBUG o.s.b.f.s.DefaultListableBeanFactory.createArgumentArray - Autowiring by type from bean name 'mbeanExporter' via factory method to bean named 'objectNamingStrategy'
