01-04-2019 16:28:24.642 [restartedMain] DEBUG org.hibernate.cfg.Settings.<init> - Automatic flush during beforeCompletion(): enabled
01-04-2019 16:28:24.652 [restartedMain] DEBUG org.hibernate.cfg.Settings.<init> - Automatic session close at end of transaction: disabled
01-04-2019 16:28:24.652 [restartedMain] DEBUG org.hibernate.cfg.Settings.<init> - Statistics: enabled
01-04-2019 16:28:24.653 [restartedMain] DEBUG org.hibernate.cfg.Settings.<init> - Deleted entity synthetic identifier rollback: disabled
01-04-2019 16:28:24.653 [restartedMain] DEBUG org.hibernate.cfg.Settings.<init> - Default entity-mode: pojo
01-04-2019 16:28:24.653 [restartedMain] DEBUG org.hibernate.cfg.Settings.<init> - Check Nullability in Core (should be disabled when Bean Validation is on): enabled
01-04-2019 16:28:24.653 [restartedMain] DEBUG org.hibernate.cfg.Settings.<init> - Allow initialization of lazy state outside session : disabled
01-04-2019 16:28:24.660 [restartedMain] DEBUG org.hibernate.cfg.Settings.<init> - Using BatchFetchStyle : LEGACY
01-04-2019 16:28:24.660 [restartedMain] DEBUG org.hibernate.cfg.Settings.<init> - Default batch fetch size: -1
01-04-2019 16:28:24.665 [restartedMain] DEBUG org.hibernate.cfg.Settings.<init> - Maximum outer join fetch depth: 2
01-04-2019 16:28:24.665 [restartedMain] DEBUG org.hibernate.cfg.Settings.<init> - Default null ordering: NONE
01-04-2019 16:28:24.665 [restartedMain] DEBUG org.hibernate.cfg.Settings.<init> - Order SQL updates by primary key: disabled
01-04-2019 16:28:24.666 [restartedMain] DEBUG org.hibernate.cfg.Settings.<init> - Order SQL inserts for batching: disabled
01-04-2019 16:28:24.666 [restartedMain] DEBUG org.hibernate.cfg.Settings.<init> - multi-tenancy strategy : NONE
01-04-2019 16:28:24.666 [restartedMain] DEBUG org.hibernate.cfg.Settings.<init> - JTA Track by Thread: enabled
01-04-2019 16:28:24.666 [restartedMain] DEBUG org.hibernate.cfg.Settings.<init> - Query language substitutions: {}
01-04-2019 16:28:24.667 [restartedMain] DEBUG org.hibernate.cfg.Settings.<init> - Named query checking : enabled
01-04-2019 16:28:24.667 [restartedMain] DEBUG org.hibernate.cfg.Settings.<init> - Second-level cache: disabled
01-04-2019 16:28:24.667 [restartedMain] DEBUG org.hibernate.cfg.Settings.<init> - Second-level query cache: disabled
01-04-2019 16:28:24.667 [restartedMain] DEBUG org.hibernate.cfg.Settings.<init> - Second-level query cache factory: null
01-04-2019 16:28:24.667 [restartedMain] DEBUG org.hibernate.cfg.Settings.<init> - Second-level cache region prefix: null
01-04-2019 16:28:24.668 [restartedMain] DEBUG org.hibernate.cfg.Settings.<init> - Optimize second-level cache for minimal puts: disabled
01-04-2019 16:28:24.668 [restartedMain] DEBUG org.hibernate.cfg.Settings.<init> - Structured second-level cache entries: disabled
01-04-2019 16:28:24.668 [restartedMain] DEBUG org.hibernate.cfg.Settings.<init> - Second-level cache direct-reference entries: disabled
01-04-2019 16:28:24.668 [restartedMain] DEBUG org.hibernate.cfg.Settings.<init> - Automatic eviction of collection cache: disabled
01-04-2019 16:28:24.668 [restartedMain] DEBUG org.hibernate.cfg.Settings.<init> - JDBC batch size: 15
01-04-2019 16:28:24.669 [restartedMain] DEBUG org.hibernate.cfg.Settings.<init> - JDBC batch updates for versioned data: enabled
01-04-2019 16:28:24.669 [restartedMain] DEBUG org.hibernate.cfg.Settings.<init> - Scrollable result sets: enabled
01-04-2019 16:28:24.669 [restartedMain] DEBUG org.hibernate.cfg.Settings.<init> - Wrap result sets: disabled
01-04-2019 16:28:24.669 [restartedMain] DEBUG org.hibernate.cfg.Settings.<init> - JDBC3 getGeneratedKeys(): enabled
01-04-2019 16:28:24.669 [restartedMain] DEBUG org.hibernate.cfg.Settings.<init> - JDBC result set fetch size: null
01-04-2019 16:28:24.670 [restartedMain] DEBUG org.hibernate.cfg.Settings.<init> - Connection release mode: ON_CLOSE
01-04-2019 16:28:24.670 [restartedMain] DEBUG org.hibernate.cfg.Settings.<init> - Generate SQL with comments: disabled
01-04-2019 16:28:24.670 [restartedMain] DEBUG org.hibernate.cfg.Settings.<init> - JPA compliance - query : 
01-04-2019 16:28:24.670 [restartedMain] DEBUG org.hibernate.cfg.Settings.<init> - JPA compliance - closed-handling : 
01-04-2019 16:28:24.671 [restartedMain] DEBUG org.hibernate.cfg.Settings.<init> - JPA compliance - lists : 
01-04-2019 16:28:24.671 [restartedMain] DEBUG org.hibernate.cfg.Settings.<init> - JPA compliance - transactions : 
01-04-2019 16:28:24.764 [restartedMain] DEBUG o.h.internal.SessionFactoryImpl.<init> - Session factory constructed with filter configurations : {}
01-04-2019 16:28:24.765 [restartedMain] DEBUG o.h.internal.SessionFactoryImpl.<init> - Instantiating session factory with properties: {sun.desktop=gnome, awt.toolkit=sun.awt.X11.XToolkit, hibernate.id.new_generator_mappings=true, file.encoding.pkg=sun.io, java.specification.version=1.8, sun.cpu.isalist=, hibernate.resource.beans.container=org.springframework.orm.hibernate5.SpringBeanContainer@14ae911f, hibernate.connection.handling_mode=DELAYED_ACQUISITION_AND_HOLD, sun.jnu.encoding=UTF-8, hibernate.dialect=org.hibernate.dialect.MySQL5Dialect, hibernate.implicit_naming_strategy=org.springframework.boot.orm.jpa.hibernate.SpringImplicitNamingStrategy, java.class.path=/home/sridhar/eclipse-workspace/vault/target/classes:/home/sridhar/.m2/repository/org/springframework/boot/spring-boot-starter/2.1.3.RELEASE/spring-boot-starter-2.1.3.RELEASE.jar:/home/sridhar/.m2/repository/org/springframework/boot/spring-boot/2.1.3.RELEASE/spring-boot-2.1.3.RELEASE.jar:/home/sridhar/.m2/repository/org/springframework/spring-context/5.1.5.RELEASE/spring-context-5.1.5.RELEASE.jar:/home/sridhar/.m2/repository/org/springframework/boot/spring-boot-autoconfigure/2.1.3.RELEASE/spring-boot-autoconfigure-2.1.3.RELEASE.jar:/home/sridhar/.m2/repository/javax/annotation/javax.annotation-api/1.3.2/javax.annotation-api-1.3.2.jar:/home/sridhar/.m2/repository/org/springframework/spring-core/5.1.5.RELEASE/spring-core-5.1.5.RELEASE.jar:/home/sridhar/.m2/repository/org/springframework/spring-jcl/5.1.5.RELEASE/spring-jcl-5.1.5.RELEASE.jar:/home/sridhar/.m2/repository/org/yaml/snakeyaml/1.23/snakeyaml-1.23.jar:/home/sridhar/.m2/repository/org/springframework/boot/spring-boot-starter-web/2.1.3.RELEASE/spring-boot-starter-web-2.1.3.RELEASE.jar:/home/sridhar/.m2/repository/org/springframework/boot/spring-boot-starter-json/2.1.3.RELEASE/spring-boot-starter-json-2.1.3.RELEASE.jar:/home/sridhar/.m2/repository/com/fasterxml/jackson/core/jackson-databind/2.9.8/jackson-databind-2.9.8.jar:/home/sridhar/.m2/repository/com/fasterxml/jackson/core/jackson-annotations/2.9.0/jackson-annotations-2.9.0.jar:/home/sridhar/.m2/repository/com/fasterxml/jackson/datatype/jackson-datatype-jdk8/2.9.8/jackson-datatype-jdk8-2.9.8.jar:/home/sridhar/.m2/repository/com/fasterxml/jackson/datatype/jackson-datatype-jsr310/2.9.8/jackson-datatype-jsr310-2.9.8.jar:/home/sridhar/.m2/repository/com/fasterxml/jackson/module/jackson-module-parameter-names/2.9.8/jackson-module-parameter-names-2.9.8.jar:/home/sridhar/.m2/repository/org/springframework/boot/spring-boot-starter-tomcat/2.1.3.RELEASE/spring-boot-starter-tomcat-2.1.3.RELEASE.jar:/home/sridhar/.m2/repository/org/apache/tomcat/embed/tomcat-embed-core/9.0.16/tomcat-embed-core-9.0.16.jar:/home/sridhar/.m2/repository/org/apache/tomcat/embed/tomcat-embed-el/9.0.16/tomcat-embed-el-9.0.16.jar:/home/sridhar/.m2/repository/org/apache/tomcat/embed/tomcat-embed-websocket/9.0.16/tomcat-embed-websocket-9.0.16.jar:/home/sridhar/.m2/repository/org/hibernate/validator/hibernate-validator/6.0.14.Final/hibernate-validator-6.0.14.Final.jar:/home/sridhar/.m2/repository/javax/validation/validation-api/2.0.1.Final/validation-api-2.0.1.Final.jar:/home/sridhar/.m2/repository/org/jboss/logging/jboss-logging/3.3.2.Final/jboss-logging-3.3.2.Final.jar:/home/sridhar/.m2/repository/com/fasterxml/classmate/1.3.4/classmate-1.3.4.jar:/home/sridhar/.m2/repository/org/springframework/spring-web/5.1.5.RELEASE/spring-web-5.1.5.RELEASE.jar:/home/sridhar/.m2/repository/org/springframework/spring-beans/5.1.5.RELEASE/spring-beans-5.1.5.RELEASE.jar:/home/sridhar/.m2/repository/org/springframework/spring-webmvc/5.1.5.RELEASE/spring-webmvc-5.1.5.RELEASE.jar:/home/sridhar/.m2/repository/org/springframework/spring-aop/5.1.5.RELEASE/spring-aop-5.1.5.RELEASE.jar:/home/sridhar/.m2/repository/org/springframework/spring-expression/5.1.5.RELEASE/spring-expression-5.1.5.RELEASE.jar:/home/sridhar/.m2/repository/org/springframework/boot/spring-boot-starter-data-jpa/2.1.3.RELEASE/spring-boot-starter-data-jpa-2.1.3.RELEASE.jar:/home/sridhar/.m2/repository/org/springframework/boot/spring-boot-starter-aop/2.1.3.RELEASE/spring-boot-starter-aop-2.1.3.RELEASE.jar:/home/sridhar/.m2/repository/org/aspectj/aspectjweaver/1.9.2/aspectjweaver-1.9.2.jar:/home/sridhar/.m2/repository/org/springframework/boot/spring-boot-starter-jdbc/2.1.3.RELEASE/spring-boot-starter-jdbc-2.1.3.RELEASE.jar:/home/sridhar/.m2/repository/com/zaxxer/HikariCP/3.2.0/HikariCP-3.2.0.jar:/home/sridhar/.m2/repository/org/springframework/spring-jdbc/5.1.5.RELEASE/spring-jdbc-5.1.5.RELEASE.jar:/home/sridhar/.m2/repository/javax/transaction/javax.transaction-api/1.3/javax.transaction-api-1.3.jar:/home/sridhar/.m2/repository/javax/xml/bind/jaxb-api/2.3.1/jaxb-api-2.3.1.jar:/home/sridhar/.m2/repository/javax/activation/javax.activation-api/1.2.0/javax.activation-api-1.2.0.jar:/home/sridhar/.m2/repository/org/hibernate/hibernate-core/5.3.7.Final/hibernate-core-5.3.7.Final.jar:/home/sridhar/.m2/repository/javax/persistence/javax.persistence-api/2.2/javax.persistence-api-2.2.jar:/home/sridhar/.m2/repository/org/javassist/javassist/3.23.1-GA/javassist-3.23.1-GA.jar:/home/sridhar/.m2/repository/net/bytebuddy/byte-buddy/1.8.17/byte-buddy-1.8.17.jar:/home/sridhar/.m2/repository/antlr/antlr/2.7.7/antlr-2.7.7.jar:/home/sridhar/.m2/repository/org/jboss/jandex/2.0.5.Final/jandex-2.0.5.Final.jar:/home/sridhar/.m2/repository/org/dom4j/dom4j/2.1.1/dom4j-2.1.1.jar:/home/sridhar/.m2/repository/org/hibernate/common/hibernate-commons-annotations/5.0.4.Final/hibernate-commons-annotations-5.0.4.Final.jar:/home/sridhar/.m2/repository/org/springframework/data/spring-data-jpa/2.1.5.RELEASE/spring-data-jpa-2.1.5.RELEASE.jar:/home/sridhar/.m2/repository/org/springframework/data/spring-data-commons/2.1.5.RELEASE/spring-data-commons-2.1.5.RELEASE.jar:/home/sridhar/.m2/repository/org/springframework/spring-orm/5.1.5.RELEASE/spring-orm-5.1.5.RELEASE.jar:/home/sridhar/.m2/repository/org/springframework/spring-tx/5.1.5.RELEASE/spring-tx-5.1.5.RELEASE.jar:/home/sridhar/.m2/repository/org/springframework/spring-aspects/5.1.5.RELEASE/spring-aspects-5.1.5.RELEASE.jar:/home/sridhar/.m2/repository/org/springframework/boot/spring-boot-starter-mail/2.1.3.RELEASE/spring-boot-starter-mail-2.1.3.RELEASE.jar:/home/sridhar/.m2/repository/org/springframework/spring-context-support/5.1.5.RELEASE/spring-context-support-5.1.5.RELEASE.jar:/home/sridhar/.m2/repository/com/sun/mail/javax.mail/1.6.2/javax.mail-1.6.2.jar:/home/sridhar/.m2/repository/javax/activation/activation/1.1/activation-1.1.jar:/home/sridhar/.m2/repository/mysql/mysql-connector-java/8.0.15/mysql-connector-java-8.0.15.jar:/home/sridhar/.m2/repository/com/google/protobuf/protobuf-java/3.6.1/protobuf-java-3.6.1.jar:/home/sridhar/.m2/repository/org/springframework/boot/spring-boot-starter-thymeleaf/2.1.3.RELEASE/spring-boot-starter-thymeleaf-2.1.3.RELEASE.jar:/home/sridhar/.m2/repository/org/thymeleaf/thymeleaf-spring5/3.0.11.RELEASE/thymeleaf-spring5-3.0.11.RELEASE.jar:/home/sridhar/.m2/repository/org/thymeleaf/thymeleaf/3.0.11.RELEASE/thymeleaf-3.0.11.RELEASE.jar:/home/sridhar/.m2/repository/org/attoparser/attoparser/2.0.5.RELEASE/attoparser-2.0.5.RELEASE.jar:/home/sridhar/.m2/repository/org/unbescape/unbescape/1.1.6.RELEASE/unbescape-1.1.6.RELEASE.jar:/home/sridhar/.m2/repository/org/thymeleaf/extras/thymeleaf-extras-java8time/3.0.3.RELEASE/thymeleaf-extras-java8time-3.0.3.RELEASE.jar:/home/sridhar/.m2/repository/org/springframework/boot/spring-boot-devtools/2.1.3.RELEASE/spring-boot-devtools-2.1.3.RELEASE.jar:/home/sridhar/.m2/repository/org/webjars/webjars-locator-core/0.37/webjars-locator-core-0.37.jar:/home/sridhar/.m2/repository/org/slf4j/slf4j-api/1.7.7/slf4j-api-1.7.7.jar:/home/sridhar/.m2/repository/org/apache/commons/commons-lang3/3.8.1/commons-lang3-3.8.1.jar:/home/sridhar/.m2/repository/org/apache/commons/commons-compress/1.18/commons-compress-1.18.jar:/home/sridhar/.m2/repository/com/fasterxml/jackson/core/jackson-core/2.9.8/jackson-core-2.9.8.jar:/home/sridhar/.m2/repository/org/webjars/jquery/3.3.1-1/jquery-3.3.1-1.jar:/home/sridhar/.m2/repository/org/webjars/jquery-ui/1.12.1/jquery-ui-1.12.1.jar:/home/sridhar/.m2/repository/org/webjars/bootstrap/4.3.1/bootstrap-4.3.1.jar:/home/sridhar/.m2/repository/org/webjars/popper.js/1.14.3/popper.js-1.14.3.jar:/home/sridhar/.m2/repository/org/springframework/boot/spring-boot-starter-logging/2.1.3.RELEASE/spring-boot-starter-logging-2.1.3.RELEASE.jar:/home/sridhar/.m2/repository/ch/qos/logback/logback-classic/1.2.3/logback-classic-1.2.3.jar:/home/sridhar/.m2/repository/ch/qos/logback/logback-core/1.2.3/logback-core-1.2.3.jar:/home/sridhar/.m2/repository/org/apache/logging/log4j/log4j-to-slf4j/2.11.2/log4j-to-slf4j-2.11.2.jar:/home/sridhar/.m2/repository/org/apache/logging/log4j/log4j-api/2.11.2/log4j-api-2.11.2.jar:/home/sridhar/.m2/repository/org/slf4j/jul-to-slf4j/1.7.25/jul-to-slf4j-1.7.25.jar, java.vm.vendor=Oracle Corporation, sun.arch.data.model=64, catalina.useNaming=false, java.vendor.url=http://java.oracle.com/, user.timezone=Asia/Kolkata, os.name=Linux, java.vm.specification.version=1.8, hibernate.generate_statistics=true, javax.persistence.validation.mode=AUTO, sun.java.launcher=SUN_STANDARD, user.country=IN, sun.boot.library.path=/usr/lib/jvm/java-8-oracle/jre/lib/amd64, sun.java.command=org.vault.VaultMain, hibernate.transaction.jta.platform=org.hibernate.engine.transaction.jta.platform.internal.NoJtaPlatform@5dc68acf, javax.persistence.sharedCache.mode=UNSPECIFIED, sun.cpu.endian=little, user.home=/home/sridhar, user.language=en, java.specification.vendor=Oracle Corporation, java.home=/usr/lib/jvm/java-8-oracle/jre, file.separator=/, line.separator=
, java.vm.specification.vendor=Oracle Corporation, java.specification.name=Java Platform API Specification, hibernate.transaction.coordinator_class=class org.hibernate.resource.transaction.backend.jdbc.internal.JdbcResourceLocalTransactionCoordinatorBuilderImpl, java.awt.graphicsenv=sun.awt.X11GraphicsEnvironment, java.awt.headless=true, sun.boot.class.path=/usr/lib/jvm/java-8-oracle/jre/lib/resources.jar:/usr/lib/jvm/java-8-oracle/jre/lib/rt.jar:/usr/lib/jvm/java-8-oracle/jre/lib/sunrsasign.jar:/usr/lib/jvm/java-8-oracle/jre/lib/jsse.jar:/usr/lib/jvm/java-8-oracle/jre/lib/jce.jar:/usr/lib/jvm/java-8-oracle/jre/lib/charsets.jar:/usr/lib/jvm/java-8-oracle/jre/lib/jfr.jar:/usr/lib/jvm/java-8-oracle/jre/classes, sun.management.compiler=HotSpot 64-Bit Tiered Compilers, java.runtime.version=1.8.0_201-b09, user.name=sridhar, path.separator=:, os.version=4.18.0-16-generic, java.endorsed.dirs=/usr/lib/jvm/java-8-oracle/jre/lib/endorsed, java.runtime.name=Java(TM) SE Runtime Environment, hibernate.ejb.persistenceUnitName=default, file.encoding=UTF-8, spring.beaninfo.ignore=true, java.vm.name=Java HotSpot(TM) 64-Bit Server VM, hibernate.show_sql=true, java.vendor.url.bug=http://bugreport.sun.com/bugreport/, java.io.tmpdir=/tmp, com.zaxxer.hikari.pool_number=1, catalina.home=/tmp/tomcat.5185394969187379613.8080, java.version=1.8.0_201, hibernate.physical_naming_strategy=org.springframework.boot.orm.jpa.hibernate.SpringPhysicalNamingStrategy, user.dir=/home/sridhar/eclipse-workspace/vault, os.arch=amd64, PID=5495, java.vm.specification.name=Java Virtual Machine Specification, java.awt.printerjob=sun.print.PSPrinterJob, sun.os.patch.level=unknown, catalina.base=/tmp/tomcat.5185394969187379613.8080, hibernate.boot.CfgXmlAccessService.key=org.hibernate.boot.cfgxml.spi.LoadedConfig@7009dbb4, java.library.path=/usr/java/packages/lib/amd64:/usr/lib64:/lib64:/lib:/usr/lib, java.vendor=Oracle Corporation, java.vm.info=mixed mode, java.vm.version=25.201-b09, hibernate.bytecode.use_reflection_optimizer=false, hibernate.connection.datasource=HikariDataSource (HikariPool-1), sun.io.unicode.encoding=UnicodeLittle, java.ext.dirs=/usr/lib/jvm/java-8-oracle/jre/lib/ext:/usr/java/packages/lib/ext, java.class.version=52.0}
01-04-2019 16:28:24.785 [restartedMain] DEBUG o.h.v.i.e.r.TraversableResolvers.getDefault - Found javax.persistence.Persistence on classpath containing 'getPersistenceUtil'. Assuming JPA 2 environment. Trying to instantiate JPA aware TraversableResolver
01-04-2019 16:28:24.786 [restartedMain] DEBUG o.h.v.i.e.r.TraversableResolvers.getDefault - Instantiated JPA aware TraversableResolver of type org.hibernate.validator.internal.engine.resolver.JPATraversableResolver.
01-04-2019 16:28:24.787 [restartedMain] DEBUG o.h.v.i.x.config.ValidationXmlParser.getValidationXmlInputStream - Trying to load META-INF/validation.xml for XML based Validator configuration.
01-04-2019 16:28:24.787 [restartedMain] DEBUG o.h.v.i.x.c.ResourceLoaderHelper.getResettableInputStreamForPath - Trying to load META-INF/validation.xml via TCCL
01-04-2019 16:28:24.787 [restartedMain] DEBUG o.h.v.i.x.c.ResourceLoaderHelper.getResettableInputStreamForPath - Trying to load META-INF/validation.xml via Hibernate Validator's class loader
01-04-2019 16:28:24.788 [restartedMain] DEBUG o.h.v.i.x.config.ValidationXmlParser.getValidationXmlInputStream - No META-INF/validation.xml found. Using annotation based configuration only.
01-04-2019 16:28:24.800 [restartedMain] DEBUG o.h.v.m.ResourceBundleMessageInterpolator.buildExpressionFactory - Loaded expression factory via original TCCL
01-04-2019 16:28:24.801 [restartedMain] DEBUG o.h.v.i.engine.ValidatorFactoryImpl.logValidatorFactoryScopedConfiguration - HV000234: Using org.hibernate.validator.messageinterpolation.ResourceBundleMessageInterpolator as ValidatorFactory-scoped message interpolator.
01-04-2019 16:28:24.801 [restartedMain] DEBUG o.h.v.i.engine.ValidatorFactoryImpl.logValidatorFactoryScopedConfiguration - HV000234: Using org.hibernate.validator.internal.engine.resolver.JPATraversableResolver as ValidatorFactory-scoped traversable resolver.
01-04-2019 16:28:24.803 [restartedMain] DEBUG o.h.v.i.engine.ValidatorFactoryImpl.logValidatorFactoryScopedConfiguration - HV000234: Using org.hibernate.validator.internal.util.ExecutableParameterNameProvider as ValidatorFactory-scoped parameter name provider.
01-04-2019 16:28:24.805 [restartedMain] DEBUG o.h.v.i.engine.ValidatorFactoryImpl.logValidatorFactoryScopedConfiguration - HV000234: Using org.hibernate.validator.internal.engine.DefaultClockProvider as ValidatorFactory-scoped clock provider.
01-04-2019 16:28:24.805 [restartedMain] DEBUG o.h.v.i.engine.ValidatorFactoryImpl.logValidatorFactoryScopedConfiguration - HV000234: Using org.hibernate.validator.internal.engine.scripting.DefaultScriptEvaluatorFactory as ValidatorFactory-scoped script evaluator factory.
01-04-2019 16:28:24.807 [restartedMain] DEBUG o.h.b.internal.ClassLoaderAccessImpl.classForName - Not known whether passed class name [org.vault.model.User] is safe
01-04-2019 16:28:24.807 [restartedMain] DEBUG o.h.b.internal.ClassLoaderAccessImpl.classForName - No temp ClassLoader provided; using live ClassLoader for loading potentially unsafe class : org.vault.model.User
01-04-2019 16:28:24.859 [restartedMain] DEBUG o.h.b.internal.ClassLoaderAccessImpl.classForName - Not known whether passed class name [org.vault.model.TopicGroup] is safe
01-04-2019 16:28:24.859 [restartedMain] DEBUG o.h.b.internal.ClassLoaderAccessImpl.classForName - No temp ClassLoader provided; using live ClassLoader for loading potentially unsafe class : org.vault.model.TopicGroup
01-04-2019 16:28:24.865 [restartedMain] DEBUG o.h.b.internal.ClassLoaderAccessImpl.classForName - Not known whether passed class name [org.vault.model.TopicDetail] is safe
01-04-2019 16:28:24.866 [restartedMain] DEBUG o.h.b.internal.ClassLoaderAccessImpl.classForName - No temp ClassLoader provided; using live ClassLoader for loading potentially unsafe class : org.vault.model.TopicDetail
01-04-2019 16:28:24.871 [restartedMain] DEBUG o.h.b.internal.ClassLoaderAccessImpl.classForName - Not known whether passed class name [org.vault.model.TopicTemplate] is safe
01-04-2019 16:28:24.872 [restartedMain] DEBUG o.h.b.internal.ClassLoaderAccessImpl.classForName - No temp ClassLoader provided; using live ClassLoader for loading potentially unsafe class : org.vault.model.TopicTemplate
01-04-2019 16:28:24.878 [restartedMain] DEBUG o.h.b.internal.ClassLoaderAccessImpl.classForName - Not known whether passed class name [org.vault.model.Topic] is safe
01-04-2019 16:28:24.878 [restartedMain] DEBUG o.h.b.internal.ClassLoaderAccessImpl.classForName - No temp ClassLoader provided; using live ClassLoader for loading potentially unsafe class : org.vault.model.Topic
01-04-2019 16:28:24.884 [restartedMain] DEBUG o.h.secure.spi.JaccIntegrator.doIntegration - Skipping JACC integration as it was not enabled
01-04-2019 16:28:24.885 [restartedMain] DEBUG o.h.internal.SessionFactoryImpl.<init> - Instantiated session factory
01-04-2019 16:28:24.885 [restartedMain] DEBUG o.h.type.spi.TypeConfiguration$Scope.scope - Scoping TypeConfiguration [org.hibernate.type.spi.TypeConfiguration@1526375] to SessionFactoryImpl [org.hibernate.internal.SessionFactoryImpl@7b24c1c6]
01-04-2019 16:28:24.918 [restartedMain] DEBUG o.h.b.internal.ClassLoaderAccessImpl.classForName - Not known whether passed class name [org.vault.model.User] is safe
01-04-2019 16:28:24.919 [restartedMain] DEBUG o.h.b.internal.ClassLoaderAccessImpl.classForName - No temp ClassLoader provided; using live ClassLoader for loading potentially unsafe class : org.vault.model.User
01-04-2019 16:28:24.937 [restartedMain] DEBUG o.h.b.internal.ClassLoaderAccessImpl.classForName - Not known whether passed class name [org.vault.model.User] is safe
01-04-2019 16:28:24.937 [restartedMain] DEBUG o.h.b.internal.ClassLoaderAccessImpl.classForName - No temp ClassLoader provided; using live ClassLoader for loading potentially unsafe class : org.vault.model.User
01-04-2019 16:28:25.196 [restartedMain] DEBUG o.h.b.internal.ClassLoaderAccessImpl.classForName - Not known whether passed class name [org.vault.model.TopicGroup] is safe
01-04-2019 16:28:25.196 [restartedMain] DEBUG o.h.b.internal.ClassLoaderAccessImpl.classForName - No temp ClassLoader provided; using live ClassLoader for loading potentially unsafe class : org.vault.model.TopicGroup
01-04-2019 16:28:25.197 [restartedMain] DEBUG o.h.b.internal.ClassLoaderAccessImpl.classForName - Not known whether passed class name [org.vault.model.TopicGroup] is safe
01-04-2019 16:28:25.197 [restartedMain] DEBUG o.h.b.internal.ClassLoaderAccessImpl.classForName - No temp ClassLoader provided; using live ClassLoader for loading potentially unsafe class : org.vault.model.TopicGroup
01-04-2019 16:28:25.232 [restartedMain] DEBUG o.h.b.internal.ClassLoaderAccessImpl.classForName - Not known whether passed class name [org.vault.model.TopicDetail] is safe
01-04-2019 16:28:25.232 [restartedMain] DEBUG o.h.b.internal.ClassLoaderAccessImpl.classForName - No temp ClassLoader provided; using live ClassLoader for loading potentially unsafe class : org.vault.model.TopicDetail
01-04-2019 16:28:25.233 [restartedMain] DEBUG o.h.b.internal.ClassLoaderAccessImpl.classForName - Not known whether passed class name [org.vault.model.TopicDetail] is safe
01-04-2019 16:28:25.233 [restartedMain] DEBUG o.h.b.internal.ClassLoaderAccessImpl.classForName - No temp ClassLoader provided; using live ClassLoader for loading potentially unsafe class : org.vault.model.TopicDetail
01-04-2019 16:28:25.258 [restartedMain] DEBUG o.h.b.internal.ClassLoaderAccessImpl.classForName - Not known whether passed class name [org.vault.model.TopicTemplate] is safe
01-04-2019 16:28:25.258 [restartedMain] DEBUG o.h.b.internal.ClassLoaderAccessImpl.classForName - No temp ClassLoader provided; using live ClassLoader for loading potentially unsafe class : org.vault.model.TopicTemplate
01-04-2019 16:28:25.259 [restartedMain] DEBUG o.h.b.internal.ClassLoaderAccessImpl.classForName - Not known whether passed class name [org.vault.model.TopicTemplate] is safe
01-04-2019 16:28:25.259 [restartedMain] DEBUG o.h.b.internal.ClassLoaderAccessImpl.classForName - No temp ClassLoader provided; using live ClassLoader for loading potentially unsafe class : org.vault.model.TopicTemplate
01-04-2019 16:28:25.279 [restartedMain] DEBUG o.h.b.internal.ClassLoaderAccessImpl.classForName - Not known whether passed class name [org.vault.model.Topic] is safe
01-04-2019 16:28:25.280 [restartedMain] DEBUG o.h.b.internal.ClassLoaderAccessImpl.classForName - No temp ClassLoader provided; using live ClassLoader for loading potentially unsafe class : org.vault.model.Topic
01-04-2019 16:28:25.280 [restartedMain] DEBUG o.h.b.internal.ClassLoaderAccessImpl.classForName - Not known whether passed class name [org.vault.model.Topic] is safe
01-04-2019 16:28:25.281 [restartedMain] DEBUG o.h.b.internal.ClassLoaderAccessImpl.classForName - No temp ClassLoader provided; using live ClassLoader for loading potentially unsafe class : org.vault.model.Topic
01-04-2019 16:28:25.316 [restartedMain] DEBUG o.h.p.c.AbstractCollectionPersister.logStaticSQL - Static SQL for collection: org.vault.model.Topic.topicGroups
01-04-2019 16:28:25.316 [restartedMain] DEBUG o.h.p.c.AbstractCollectionPersister.logStaticSQL -  Row insert: update topic_groups set topicid=? where id=?
01-04-2019 16:28:25.316 [restartedMain] DEBUG o.h.p.c.AbstractCollectionPersister.logStaticSQL -  Row update: update topic_groups set  where id=?
01-04-2019 16:28:25.317 [restartedMain] DEBUG o.h.p.c.AbstractCollectionPersister.logStaticSQL -  Row delete: update topic_groups set topicid=null where topicid=? and id=?
01-04-2019 16:28:25.317 [restartedMain] DEBUG o.h.p.c.AbstractCollectionPersister.logStaticSQL -  One-shot delete: update topic_groups set topicid=null where topicid=?
01-04-2019 16:28:25.318 [restartedMain] DEBUG o.h.p.c.AbstractCollectionPersister.logStaticSQL - Static SQL for collection: org.vault.model.Topic.topicTemplates
01-04-2019 16:28:25.318 [restartedMain] DEBUG o.h.p.c.AbstractCollectionPersister.logStaticSQL -  Row insert: update topic_templates set topicid=? where id=?
01-04-2019 16:28:25.318 [restartedMain] DEBUG o.h.p.c.AbstractCollectionPersister.logStaticSQL -  Row update: update topic_templates set  where id=?
01-04-2019 16:28:25.319 [restartedMain] DEBUG o.h.p.c.AbstractCollectionPersister.logStaticSQL -  Row delete: update topic_templates set topicid=null where topicid=? and id=?
01-04-2019 16:28:25.319 [restartedMain] DEBUG o.h.p.c.AbstractCollectionPersister.logStaticSQL -  One-shot delete: update topic_templates set topicid=null where topicid=?
01-04-2019 16:28:25.320 [restartedMain] DEBUG o.h.p.c.AbstractCollectionPersister.logStaticSQL - Static SQL for collection: org.vault.model.TopicGroup.topicDetails
01-04-2019 16:28:25.320 [restartedMain] DEBUG o.h.p.c.AbstractCollectionPersister.logStaticSQL -  Row insert: update topic_details set topicgrpid=? where id=?
01-04-2019 16:28:25.320 [restartedMain] DEBUG o.h.p.c.AbstractCollectionPersister.logStaticSQL -  Row update: update topic_details set  where id=?
01-04-2019 16:28:25.320 [restartedMain] DEBUG o.h.p.c.AbstractCollectionPersister.logStaticSQL -  Row delete: update topic_details set topicgrpid=null where topicgrpid=? and id=?
01-04-2019 16:28:25.321 [restartedMain] DEBUG o.h.p.c.AbstractCollectionPersister.logStaticSQL -  One-shot delete: update topic_details set topicgrpid=null where topicgrpid=?
01-04-2019 16:28:25.321 [restartedMain] DEBUG o.h.p.c.AbstractCollectionPersister.logStaticSQL - Static SQL for collection: org.vault.model.TopicTemplate.topicDetails
01-04-2019 16:28:25.322 [restartedMain] DEBUG o.h.p.c.AbstractCollectionPersister.logStaticSQL -  Row insert: update topic_details set templateid=? where id=?
01-04-2019 16:28:25.322 [restartedMain] DEBUG o.h.p.c.AbstractCollectionPersister.logStaticSQL -  Row update: update topic_details set  where id=?
01-04-2019 16:28:25.322 [restartedMain] DEBUG o.h.p.c.AbstractCollectionPersister.logStaticSQL -  Row delete: update topic_details set templateid=null where templateid=? and id=?
01-04-2019 16:28:25.323 [restartedMain] DEBUG o.h.p.c.AbstractCollectionPersister.logStaticSQL -  One-shot delete: update topic_details set templateid=null where templateid=?
01-04-2019 16:28:25.323 [restartedMain] DEBUG o.h.p.c.AbstractCollectionPersister.logStaticSQL - Static SQL for collection: org.vault.model.User.topicGroups
01-04-2019 16:28:25.324 [restartedMain] DEBUG o.h.p.c.AbstractCollectionPersister.logStaticSQL -  Row insert: update topic_groups set userid=? where id=?
01-04-2019 16:28:25.324 [restartedMain] DEBUG o.h.p.c.AbstractCollectionPersister.logStaticSQL -  Row update: update topic_groups set  where id=?
01-04-2019 16:28:25.324 [restartedMain] DEBUG o.h.p.c.AbstractCollectionPersister.logStaticSQL -  Row delete: update topic_groups set userid=null where userid=? and id=?
01-04-2019 16:28:25.325 [restartedMain] DEBUG o.h.p.c.AbstractCollectionPersister.logStaticSQL -  One-shot delete: update topic_groups set userid=null where userid=?
01-04-2019 16:28:25.334 [restartedMain] DEBUG o.h.p.entity.AbstractEntityPersister.logStaticSQL - Static SQL for entity: org.vault.model.User
01-04-2019 16:28:25.334 [restartedMain] DEBUG o.h.p.entity.AbstractEntityPersister.logStaticSQL -  Version select: select id from users where id =?
01-04-2019 16:28:25.334 [restartedMain] DEBUG o.h.p.entity.AbstractEntityPersister.logStaticSQL -  Snapshot select: select user_.id, user_.firstname as firstnam2_4_, user_.lastname as lastname3_4_ from users user_ where user_.id=?
01-04-2019 16:28:25.335 [restartedMain] DEBUG o.h.p.entity.AbstractEntityPersister.debugf -  Insert 0: insert into users (firstname, lastname, id) values (?, ?, ?)
01-04-2019 16:28:25.336 [restartedMain] DEBUG o.h.p.entity.AbstractEntityPersister.debugf -  Update 0: update users set firstname=?, lastname=? where id=?
01-04-2019 16:28:25.336 [restartedMain] DEBUG o.h.p.entity.AbstractEntityPersister.debugf -  Delete 0: delete from users where id=?
01-04-2019 16:28:25.336 [restartedMain] DEBUG o.h.p.entity.AbstractEntityPersister.logStaticSQL -  Identity insert: insert into users (firstname, lastname) values (?, ?)
01-04-2019 16:28:25.381 [restartedMain] DEBUG o.h.l.p.b.i.spaces.QuerySpacesImpl.registerQuerySpace - Adding QuerySpace : uid = <gen:0> -> org.hibernate.loader.plan.build.internal.spaces.EntityQuerySpaceImpl@487224b]
01-04-2019 16:28:25.383 [restartedMain] DEBUG o.h.p.w.spi.MetamodelGraphWalker.visitAttributeDefinition - Visiting attribute path : firstname
01-04-2019 16:28:25.384 [restartedMain] DEBUG o.h.p.w.spi.MetamodelGraphWalker.visitAttributeDefinition - Visiting attribute path : lastname
01-04-2019 16:28:25.384 [restartedMain] DEBUG o.h.p.w.spi.MetamodelGraphWalker.visitAttributeDefinition - Visiting attribute path : topicGroups
01-04-2019 16:28:25.391 [restartedMain] DEBUG o.h.l.p.b.i.spaces.QuerySpacesImpl.registerQuerySpace - Adding QuerySpace : uid = <gen:1> -> org.hibernate.loader.plan.build.internal.spaces.CollectionQuerySpaceImpl@3ca665a7]
01-04-2019 16:28:25.394 [restartedMain] DEBUG o.h.l.p.b.i.spaces.QuerySpacesImpl.registerQuerySpace - Adding QuerySpace : uid = <gen:2> -> org.hibernate.loader.plan.build.internal.spaces.EntityQuerySpaceImpl@21b5d2ec]
01-04-2019 16:28:25.396 [restartedMain] DEBUG o.h.p.w.spi.MetamodelGraphWalker.visitAttributeDefinition - Visiting attribute path : topicGroups.topic
01-04-2019 16:28:25.396 [restartedMain] DEBUG o.h.l.p.b.i.spaces.QuerySpacesImpl.registerQuerySpace - Adding QuerySpace : uid = <gen:3> -> org.hibernate.loader.plan.build.internal.spaces.EntityQuerySpaceImpl@ac73d61]
01-04-2019 16:28:25.397 [restartedMain] DEBUG o.h.p.w.spi.MetamodelGraphWalker.visitAttributeDefinition - Visiting attribute path : topicGroups.topic.topicGroups
01-04-2019 16:28:25.398 [restartedMain] DEBUG o.h.p.w.spi.MetamodelGraphWalker.visitAttributeDefinition - Property path deemed to be circular : topicGroups.topic.topicGroups
01-04-2019 16:28:25.398 [restartedMain] DEBUG o.h.p.w.spi.MetamodelGraphWalker.visitAttributeDefinition - Visiting attribute path : topicGroups.topic.topicTemplates
01-04-2019 16:28:25.399 [restartedMain] DEBUG o.h.l.p.b.i.spaces.QuerySpacesImpl.registerQuerySpace - Adding QuerySpace : uid = <gen:4> -> org.hibernate.loader.plan.build.internal.spaces.CollectionQuerySpaceImpl@14be574f]
