01-04-2019 16:26:14.605 [restartedMain] DEBUG org.hibernate.type.BasicTypeRegistry.register - Adding type registration short -> org.hibernate.type.ShortType@7297bbad
01-04-2019 16:26:14.606 [restartedMain] DEBUG org.hibernate.type.BasicTypeRegistry.register - Adding type registration short -> org.hibernate.type.ShortType@7297bbad
01-04-2019 16:26:14.606 [restartedMain] DEBUG org.hibernate.type.BasicTypeRegistry.register - Adding type registration java.lang.Short -> org.hibernate.type.ShortType@7297bbad
01-04-2019 16:26:14.608 [restartedMain] DEBUG org.hibernate.type.BasicTypeRegistry.register - Adding type registration integer -> org.hibernate.type.IntegerType@39a106c5
01-04-2019 16:26:14.609 [restartedMain] DEBUG org.hibernate.type.BasicTypeRegistry.register - Adding type registration int -> org.hibernate.type.IntegerType@39a106c5
01-04-2019 16:26:14.609 [restartedMain] DEBUG org.hibernate.type.BasicTypeRegistry.register - Adding type registration java.lang.Integer -> org.hibernate.type.IntegerType@39a106c5
01-04-2019 16:26:14.611 [restartedMain] DEBUG org.hibernate.type.BasicTypeRegistry.register - Adding type registration long -> org.hibernate.type.LongType@67cbcb9f
01-04-2019 16:26:14.612 [restartedMain] DEBUG org.hibernate.type.BasicTypeRegistry.register - Adding type registration long -> org.hibernate.type.LongType@67cbcb9f
01-04-2019 16:26:14.612 [restartedMain] DEBUG org.hibernate.type.BasicTypeRegistry.register - Adding type registration java.lang.Long -> org.hibernate.type.LongType@67cbcb9f
01-04-2019 16:26:14.614 [restartedMain] DEBUG org.hibernate.type.BasicTypeRegistry.register - Adding type registration float -> org.hibernate.type.FloatType@6ea31bc1
01-04-2019 16:26:14.615 [restartedMain] DEBUG org.hibernate.type.BasicTypeRegistry.register - Adding type registration float -> org.hibernate.type.FloatType@6ea31bc1
01-04-2019 16:26:14.615 [restartedMain] DEBUG org.hibernate.type.BasicTypeRegistry.register - Adding type registration java.lang.Float -> org.hibernate.type.FloatType@6ea31bc1
01-04-2019 16:26:14.617 [restartedMain] DEBUG org.hibernate.type.BasicTypeRegistry.register - Adding type registration double -> org.hibernate.type.DoubleType@37864925
01-04-2019 16:26:14.618 [restartedMain] DEBUG org.hibernate.type.BasicTypeRegistry.register - Adding type registration double -> org.hibernate.type.DoubleType@37864925
01-04-2019 16:26:14.618 [restartedMain] DEBUG org.hibernate.type.BasicTypeRegistry.register - Adding type registration java.lang.Double -> org.hibernate.type.DoubleType@37864925
01-04-2019 16:26:14.620 [restartedMain] DEBUG org.hibernate.type.BasicTypeRegistry.register - Adding type registration big_decimal -> org.hibernate.type.BigDecimalType@774f10de
01-04-2019 16:26:14.620 [restartedMain] DEBUG org.hibernate.type.BasicTypeRegistry.register - Adding type registration java.math.BigDecimal -> org.hibernate.type.BigDecimalType@774f10de
01-04-2019 16:26:14.622 [restartedMain] DEBUG org.hibernate.type.BasicTypeRegistry.register - Adding type registration big_integer -> org.hibernate.type.BigIntegerType@4b8e2801
01-04-2019 16:26:14.623 [restartedMain] DEBUG org.hibernate.type.BasicTypeRegistry.register - Adding type registration java.math.BigInteger -> org.hibernate.type.BigIntegerType@4b8e2801
01-04-2019 16:26:14.624 [restartedMain] DEBUG org.hibernate.type.BasicTypeRegistry.register - Adding type registration string -> org.hibernate.type.StringType@45c6d2c2
01-04-2019 16:26:14.625 [restartedMain] DEBUG org.hibernate.type.BasicTypeRegistry.register - Adding type registration java.lang.String -> org.hibernate.type.StringType@45c6d2c2
01-04-2019 16:26:14.626 [restartedMain] DEBUG org.hibernate.type.BasicTypeRegistry.register - Adding type registration nstring -> org.hibernate.type.StringNVarcharType@bc32f03
01-04-2019 16:26:14.627 [restartedMain] DEBUG org.hibernate.type.BasicTypeRegistry.register - Adding type registration ncharacter -> org.hibernate.type.CharacterNCharType@7bc2e442
01-04-2019 16:26:14.628 [restartedMain] DEBUG org.hibernate.type.BasicTypeRegistry.register - Adding type registration url -> org.hibernate.type.UrlType@a74d459
01-04-2019 16:26:14.629 [restartedMain] DEBUG org.hibernate.type.BasicTypeRegistry.register - Adding type registration java.net.URL -> org.hibernate.type.UrlType@a74d459
01-04-2019 16:26:14.630 [restartedMain] DEBUG org.hibernate.type.BasicTypeRegistry.register - Adding type registration Duration -> org.hibernate.type.DurationType@2219a524
01-04-2019 16:26:14.631 [restartedMain] DEBUG org.hibernate.type.BasicTypeRegistry.register - Adding type registration java.time.Duration -> org.hibernate.type.DurationType@2219a524
01-04-2019 16:26:14.633 [restartedMain] DEBUG org.hibernate.type.BasicTypeRegistry.register - Adding type registration Instant -> org.hibernate.type.InstantType@3d9be64
01-04-2019 16:26:14.633 [restartedMain] DEBUG org.hibernate.type.BasicTypeRegistry.register - Adding type registration java.time.Instant -> org.hibernate.type.InstantType@3d9be64
01-04-2019 16:26:14.636 [restartedMain] DEBUG org.hibernate.type.BasicTypeRegistry.register - Adding type registration LocalDateTime -> org.hibernate.type.LocalDateTimeType@1cd236f9
01-04-2019 16:26:14.636 [restartedMain] DEBUG org.hibernate.type.BasicTypeRegistry.register - Adding type registration java.time.LocalDateTime -> org.hibernate.type.LocalDateTimeType@1cd236f9
01-04-2019 16:26:14.638 [restartedMain] DEBUG org.hibernate.type.BasicTypeRegistry.register - Adding type registration LocalDate -> org.hibernate.type.LocalDateType@50aca465
